{"/home/lucas/Documents/Be The Hero/backend/knexfile.js": {"path":"/home/lucas/Documents/Be The Hero/backend/knexfile.js","statementMap":{"0":{"start":{"line":3,"column":0},"end":{"line":59,"column":2}}},"fnMap":{},"branchMap":{},"s":{"0":1},"f":{},"b":{},"inputSourceMap":null,"_coverageSchema":"1a1c01bbd47fc00a2c39e90264f33305004495a9","hash":"6f987aa643d076d7d8ef38f83c66cb379ca4f778"}
,"/home/lucas/Documents/Be The Hero/backend/src/app.js": {"path":"/home/lucas/Documents/Be The Hero/backend/src/app.js","statementMap":{"0":{"start":{"line":1,"column":13},"end":{"line":1,"column":73}},"1":{"start":{"line":1,"column":113},"end":{"line":1,"column":167}},"2":{"start":{"line":1,"column":184},"end":{"line":1,"column":202}},"3":{"start":{"line":1,"column":220},"end":{"line":1,"column":252}},"4":{"start":{"line":2,"column":12},"end":{"line":2,"column":27}},"5":{"start":{"line":2,"column":42},"end":{"line":2,"column":71}},"6":{"start":{"line":4,"column":14},"end":{"line":4,"column":33}},"7":{"start":{"line":4,"column":50},"end":{"line":4,"column":81}},"8":{"start":{"line":6,"column":12},"end":{"line":6,"column":44}},"9":{"start":{"line":8,"column":0},"end":{"line":8,"column":39}},"10":{"start":{"line":9,"column":0},"end":{"line":9,"column":34}},"11":{"start":{"line":10,"column":0},"end":{"line":10,"column":26}},"12":{"start":{"line":12,"column":0},"end":{"line":12,"column":23}}},"fnMap":{"0":{"name":"_interopRequireDefault","decl":{"start":{"line":1,"column":83},"end":{"line":1,"column":105}},"loc":{"start":{"line":1,"column":111},"end":{"line":1,"column":169}},"line":1}},"branchMap":{"0":{"loc":{"start":{"line":1,"column":120},"end":{"line":1,"column":166}},"type":"cond-expr","locations":[{"start":{"line":1,"column":144},"end":{"line":1,"column":147}},{"start":{"line":1,"column":150},"end":{"line":1,"column":166}}],"line":1},"1":{"loc":{"start":{"line":1,"column":120},"end":{"line":1,"column":141}},"type":"binary-expr","locations":[{"start":{"line":1,"column":120},"end":{"line":1,"column":123}},{"start":{"line":1,"column":127},"end":{"line":1,"column":141}}],"line":1}},"s":{"0":1,"1":3,"2":1,"3":1,"4":1,"5":1,"6":1,"7":1,"8":1,"9":1,"10":1,"11":1,"12":1},"f":{"0":3},"b":{"0":[1,2],"1":[3,3]},"inputSourceMap":null,"_coverageSchema":"1a1c01bbd47fc00a2c39e90264f33305004495a9","hash":"81cd9c8236d7f35f9c7499a9c756d6c7b13d323e"}
,"/home/lucas/Documents/Be The Hero/backend/src/routes.js": {"path":"/home/lucas/Documents/Be The Hero/backend/src/routes.js","statementMap":{"0":{"start":{"line":1,"column":13},"end":{"line":1,"column":73}},"1":{"start":{"line":1,"column":113},"end":{"line":1,"column":167}},"2":{"start":{"line":1,"column":184},"end":{"line":1,"column":202}},"3":{"start":{"line":3,"column":25},"end":{"line":3,"column":67}},"4":{"start":{"line":3,"column":95},"end":{"line":3,"column":137}},"5":{"start":{"line":4,"column":21},"end":{"line":4,"column":59}},"6":{"start":{"line":4,"column":83},"end":{"line":4,"column":121}},"7":{"start":{"line":5,"column":26},"end":{"line":5,"column":69}},"8":{"start":{"line":5,"column":98},"end":{"line":5,"column":141}},"9":{"start":{"line":7,"column":15},"end":{"line":7,"column":41}},"10":{"start":{"line":9,"column":0},"end":{"line":9,"column":60}},"11":{"start":{"line":11,"column":0},"end":{"line":11,"column":52}},"12":{"start":{"line":12,"column":0},"end":{"line":12,"column":51}},"13":{"start":{"line":14,"column":0},"end":{"line":14,"column":62}},"14":{"start":{"line":15,"column":0},"end":{"line":15,"column":61}},"15":{"start":{"line":16,"column":0},"end":{"line":16,"column":59}},"16":{"start":{"line":17,"column":0},"end":{"line":17,"column":69}},"17":{"start":{"line":19,"column":0},"end":{"line":19,"column":26}}},"fnMap":{"0":{"name":"_interopRequireDefault","decl":{"start":{"line":1,"column":83},"end":{"line":1,"column":105}},"loc":{"start":{"line":1,"column":111},"end":{"line":1,"column":169}},"line":1}},"branchMap":{"0":{"loc":{"start":{"line":1,"column":120},"end":{"line":1,"column":166}},"type":"cond-expr","locations":[{"start":{"line":1,"column":144},"end":{"line":1,"column":147}},{"start":{"line":1,"column":150},"end":{"line":1,"column":166}}],"line":1},"1":{"loc":{"start":{"line":1,"column":120},"end":{"line":1,"column":141}},"type":"binary-expr","locations":[{"start":{"line":1,"column":120},"end":{"line":1,"column":123}},{"start":{"line":1,"column":127},"end":{"line":1,"column":141}}],"line":1}},"s":{"0":1,"1":3,"2":1,"3":1,"4":1,"5":1,"6":1,"7":1,"8":1,"9":1,"10":1,"11":1,"12":1,"13":1,"14":1,"15":1,"16":1,"17":1},"f":{"0":3},"b":{"0":[3,0],"1":[3,3]},"inputSourceMap":null,"_coverageSchema":"1a1c01bbd47fc00a2c39e90264f33305004495a9","hash":"e41f7df980f59299707e1785d8046e3878d96029"}
,"/home/lucas/Documents/Be The Hero/backend/src/controllers/IncidentController.js": {"path":"/home/lucas/Documents/Be The Hero/backend/src/controllers/IncidentController.js","statementMap":{"0":{"start":{"line":1,"column":13},"end":{"line":1,"column":73}},"1":{"start":{"line":1,"column":114},"end":{"line":1,"column":345}},"2":{"start":{"line":1,"column":143},"end":{"line":1,"column":154}},"3":{"start":{"line":1,"column":177},"end":{"line":1,"column":179}},"4":{"start":{"line":1,"column":181},"end":{"line":1,"column":306}},"5":{"start":{"line":1,"column":200},"end":{"line":1,"column":304}},"6":{"start":{"line":1,"column":223},"end":{"line":1,"column":302}},"7":{"start":{"line":1,"column":277},"end":{"line":1,"column":300}},"8":{"start":{"line":1,"column":307},"end":{"line":1,"column":328}},"9":{"start":{"line":1,"column":329},"end":{"line":1,"column":343}},"10":{"start":{"line":1,"column":387},"end":{"line":1,"column":441}},"11":{"start":{"line":1,"column":454},"end":{"line":1,"column":468}},"12":{"start":{"line":1,"column":480},"end":{"line":1,"column":509}},"13":{"start":{"line":3,"column":13},"end":{"line":3,"column":41}},"14":{"start":{"line":3,"column":57},"end":{"line":3,"column":87}},"15":{"start":{"line":8,"column":19},"end":{"line":12,"column":6}},"16":{"start":{"line":14,"column":4},"end":{"line":16,"column":5}},"17":{"start":{"line":15,"column":6},"end":{"line":15,"column":65}},"18":{"start":{"line":18,"column":19},"end":{"line":18,"column":44}},"19":{"start":{"line":19,"column":42},"end":{"line":19,"column":50}},"20":{"start":{"line":21,"column":4},"end":{"line":23,"column":5}},"21":{"start":{"line":22,"column":6},"end":{"line":22,"column":58}},"22":{"start":{"line":25,"column":20},"end":{"line":25,"column":75}},"23":{"start":{"line":27,"column":4},"end":{"line":29,"column":5}},"24":{"start":{"line":28,"column":6},"end":{"line":28,"column":72}},"25":{"start":{"line":31,"column":19},"end":{"line":36,"column":6}},"26":{"start":{"line":38,"column":4},"end":{"line":38,"column":28}},"27":{"start":{"line":43,"column":25},"end":{"line":43,"column":34}},"28":{"start":{"line":45,"column":20},"end":{"line":45,"column":75}},"29":{"start":{"line":47,"column":22},"end":{"line":58,"column":8}},"30":{"start":{"line":60,"column":4},"end":{"line":60,"column":51}},"31":{"start":{"line":62,"column":4},"end":{"line":62,"column":31}},"32":{"start":{"line":66,"column":19},"end":{"line":66,"column":44}},"33":{"start":{"line":68,"column":4},"end":{"line":70,"column":5}},"34":{"start":{"line":69,"column":6},"end":{"line":69,"column":70}},"35":{"start":{"line":72,"column":22},"end":{"line":72,"column":127}},"36":{"start":{"line":74,"column":4},"end":{"line":74,"column":31}},"37":{"start":{"line":78,"column":19},"end":{"line":78,"column":29}},"38":{"start":{"line":79,"column":19},"end":{"line":79,"column":44}},"39":{"start":{"line":81,"column":21},"end":{"line":81,"column":109}},"40":{"start":{"line":83,"column":4},"end":{"line":85,"column":5}},"41":{"start":{"line":84,"column":6},"end":{"line":84,"column":72}},"42":{"start":{"line":87,"column":4},"end":{"line":87,"column":77}},"43":{"start":{"line":89,"column":4},"end":{"line":89,"column":76}},"44":{"start":{"line":93,"column":0},"end":{"line":93,"column":44}}},"fnMap":{"0":{"name":"_interopRequireWildcard","decl":{"start":{"line":1,"column":83},"end":{"line":1,"column":106}},"loc":{"start":{"line":1,"column":112},"end":{"line":1,"column":347}},"line":1},"1":{"name":"_interopRequireDefault","decl":{"start":{"line":1,"column":357},"end":{"line":1,"column":379}},"loc":{"start":{"line":1,"column":385},"end":{"line":1,"column":443}},"line":1},"2":{"name":"(anonymous_2)","decl":{"start":{"line":6,"column":2},"end":{"line":6,"column":3}},"loc":{"start":{"line":6,"column":24},"end":{"line":40,"column":3}},"line":6},"3":{"name":"(anonymous_3)","decl":{"start":{"line":42,"column":2},"end":{"line":42,"column":3}},"loc":{"start":{"line":42,"column":24},"end":{"line":63,"column":3}},"line":42},"4":{"name":"(anonymous_4)","decl":{"start":{"line":65,"column":2},"end":{"line":65,"column":3}},"loc":{"start":{"line":65,"column":23},"end":{"line":75,"column":3}},"line":65},"5":{"name":"(anonymous_5)","decl":{"start":{"line":77,"column":2},"end":{"line":77,"column":3}},"loc":{"start":{"line":77,"column":25},"end":{"line":90,"column":3}},"line":77}},"branchMap":{"0":{"loc":{"start":{"line":1,"column":114},"end":{"line":1,"column":345}},"type":"if","locations":[{"start":{"line":1,"column":114},"end":{"line":1,"column":345}},{"start":{"line":1,"column":114},"end":{"line":1,"column":345}}],"line":1},"1":{"loc":{"start":{"line":1,"column":118},"end":{"line":1,"column":139}},"type":"binary-expr","locations":[{"start":{"line":1,"column":118},"end":{"line":1,"column":121}},{"start":{"line":1,"column":125},"end":{"line":1,"column":139}}],"line":1},"2":{"loc":{"start":{"line":1,"column":181},"end":{"line":1,"column":306}},"type":"if","locations":[{"start":{"line":1,"column":181},"end":{"line":1,"column":306}},{"start":{"line":1,"column":181},"end":{"line":1,"column":306}}],"line":1},"3":{"loc":{"start":{"line":1,"column":223},"end":{"line":1,"column":302}},"type":"if","locations":[{"start":{"line":1,"column":223},"end":{"line":1,"column":302}},{"start":{"line":1,"column":223},"end":{"line":1,"column":302}}],"line":1},"4":{"loc":{"start":{"line":1,"column":394},"end":{"line":1,"column":440}},"type":"cond-expr","locations":[{"start":{"line":1,"column":418},"end":{"line":1,"column":421}},{"start":{"line":1,"column":424},"end":{"line":1,"column":440}}],"line":1},"5":{"loc":{"start":{"line":1,"column":394},"end":{"line":1,"column":415}},"type":"binary-expr","locations":[{"start":{"line":1,"column":394},"end":{"line":1,"column":397}},{"start":{"line":1,"column":401},"end":{"line":1,"column":415}}],"line":1},"6":{"loc":{"start":{"line":14,"column":4},"end":{"line":16,"column":5}},"type":"if","locations":[{"start":{"line":14,"column":4},"end":{"line":16,"column":5}},{"start":{"line":14,"column":4},"end":{"line":16,"column":5}}],"line":14},"7":{"loc":{"start":{"line":21,"column":4},"end":{"line":23,"column":5}},"type":"if","locations":[{"start":{"line":21,"column":4},"end":{"line":23,"column":5}},{"start":{"line":21,"column":4},"end":{"line":23,"column":5}}],"line":21},"8":{"loc":{"start":{"line":27,"column":4},"end":{"line":29,"column":5}},"type":"if","locations":[{"start":{"line":27,"column":4},"end":{"line":29,"column":5}},{"start":{"line":27,"column":4},"end":{"line":29,"column":5}}],"line":27},"9":{"loc":{"start":{"line":43,"column":12},"end":{"line":43,"column":20}},"type":"default-arg","locations":[{"start":{"line":43,"column":19},"end":{"line":43,"column":20}}],"line":43},"10":{"loc":{"start":{"line":68,"column":4},"end":{"line":70,"column":5}},"type":"if","locations":[{"start":{"line":68,"column":4},"end":{"line":70,"column":5}},{"start":{"line":68,"column":4},"end":{"line":70,"column":5}}],"line":68},"11":{"loc":{"start":{"line":83,"column":4},"end":{"line":85,"column":5}},"type":"if","locations":[{"start":{"line":83,"column":4},"end":{"line":85,"column":5}},{"start":{"line":83,"column":4},"end":{"line":85,"column":5}}],"line":83}},"s":{"0":1,"1":1,"2":1,"3":0,"4":0,"5":0,"6":0,"7":0,"8":0,"9":0,"10":1,"11":1,"12":1,"13":1,"14":1,"15":0,"16":0,"17":0,"18":0,"19":0,"20":0,"21":0,"22":0,"23":0,"24":0,"25":0,"26":0,"27":0,"28":0,"29":0,"30":0,"31":0,"32":0,"33":0,"34":0,"35":0,"36":0,"37":0,"38":0,"39":0,"40":0,"41":0,"42":0,"43":0,"44":1},"f":{"0":1,"1":1,"2":0,"3":0,"4":0,"5":0},"b":{"0":[1,0],"1":[1,1],"2":[0,0],"3":[0,0],"4":[1,0],"5":[1,1],"6":[0,0],"7":[0,0],"8":[0,0],"9":[0],"10":[0,0],"11":[0,0]},"inputSourceMap":null,"_coverageSchema":"1a1c01bbd47fc00a2c39e90264f33305004495a9","hash":"d44e67d752ac4df38533ae95397d2f6abb95c6f6"}
,"/home/lucas/Documents/Be The Hero/backend/src/controllers/OngController.js": {"path":"/home/lucas/Documents/Be The Hero/backend/src/controllers/OngController.js","statementMap":{"0":{"start":{"line":1,"column":13},"end":{"line":1,"column":73}},"1":{"start":{"line":1,"column":114},"end":{"line":1,"column":345}},"2":{"start":{"line":1,"column":143},"end":{"line":1,"column":154}},"3":{"start":{"line":1,"column":177},"end":{"line":1,"column":179}},"4":{"start":{"line":1,"column":181},"end":{"line":1,"column":306}},"5":{"start":{"line":1,"column":200},"end":{"line":1,"column":304}},"6":{"start":{"line":1,"column":223},"end":{"line":1,"column":302}},"7":{"start":{"line":1,"column":277},"end":{"line":1,"column":300}},"8":{"start":{"line":1,"column":307},"end":{"line":1,"column":328}},"9":{"start":{"line":1,"column":329},"end":{"line":1,"column":343}},"10":{"start":{"line":1,"column":387},"end":{"line":1,"column":441}},"11":{"start":{"line":1,"column":454},"end":{"line":1,"column":468}},"12":{"start":{"line":1,"column":480},"end":{"line":1,"column":509}},"13":{"start":{"line":2,"column":24},"end":{"line":2,"column":60}},"14":{"start":{"line":2,"column":87},"end":{"line":2,"column":128}},"15":{"start":{"line":4,"column":13},"end":{"line":4,"column":41}},"16":{"start":{"line":4,"column":57},"end":{"line":4,"column":87}},"17":{"start":{"line":9,"column":19},"end":{"line":15,"column":6}},"18":{"start":{"line":17,"column":4},"end":{"line":19,"column":5}},"19":{"start":{"line":18,"column":6},"end":{"line":18,"column":65}},"20":{"start":{"line":21,"column":47},"end":{"line":21,"column":55}},"21":{"start":{"line":23,"column":15},"end":{"line":23,"column":56}},"22":{"start":{"line":25,"column":20},"end":{"line":25,"column":84}},"23":{"start":{"line":27,"column":4},"end":{"line":29,"column":5}},"24":{"start":{"line":28,"column":6},"end":{"line":28,"column":56}},"25":{"start":{"line":31,"column":4},"end":{"line":38,"column":7}},"26":{"start":{"line":40,"column":4},"end":{"line":40,"column":28}},"27":{"start":{"line":44,"column":17},"end":{"line":44,"column":71}},"28":{"start":{"line":45,"column":4},"end":{"line":45,"column":26}},"29":{"start":{"line":49,"column":0},"end":{"line":49,"column":39}}},"fnMap":{"0":{"name":"_interopRequireWildcard","decl":{"start":{"line":1,"column":83},"end":{"line":1,"column":106}},"loc":{"start":{"line":1,"column":112},"end":{"line":1,"column":347}},"line":1},"1":{"name":"_interopRequireDefault","decl":{"start":{"line":1,"column":357},"end":{"line":1,"column":379}},"loc":{"start":{"line":1,"column":385},"end":{"line":1,"column":443}},"line":1},"2":{"name":"(anonymous_2)","decl":{"start":{"line":7,"column":2},"end":{"line":7,"column":3}},"loc":{"start":{"line":7,"column":24},"end":{"line":41,"column":3}},"line":7},"3":{"name":"(anonymous_3)","decl":{"start":{"line":43,"column":2},"end":{"line":43,"column":3}},"loc":{"start":{"line":43,"column":24},"end":{"line":46,"column":3}},"line":43}},"branchMap":{"0":{"loc":{"start":{"line":1,"column":114},"end":{"line":1,"column":345}},"type":"if","locations":[{"start":{"line":1,"column":114},"end":{"line":1,"column":345}},{"start":{"line":1,"column":114},"end":{"line":1,"column":345}}],"line":1},"1":{"loc":{"start":{"line":1,"column":118},"end":{"line":1,"column":139}},"type":"binary-expr","locations":[{"start":{"line":1,"column":118},"end":{"line":1,"column":121}},{"start":{"line":1,"column":125},"end":{"line":1,"column":139}}],"line":1},"2":{"loc":{"start":{"line":1,"column":181},"end":{"line":1,"column":306}},"type":"if","locations":[{"start":{"line":1,"column":181},"end":{"line":1,"column":306}},{"start":{"line":1,"column":181},"end":{"line":1,"column":306}}],"line":1},"3":{"loc":{"start":{"line":1,"column":223},"end":{"line":1,"column":302}},"type":"if","locations":[{"start":{"line":1,"column":223},"end":{"line":1,"column":302}},{"start":{"line":1,"column":223},"end":{"line":1,"column":302}}],"line":1},"4":{"loc":{"start":{"line":1,"column":394},"end":{"line":1,"column":440}},"type":"cond-expr","locations":[{"start":{"line":1,"column":418},"end":{"line":1,"column":421}},{"start":{"line":1,"column":424},"end":{"line":1,"column":440}}],"line":1},"5":{"loc":{"start":{"line":1,"column":394},"end":{"line":1,"column":415}},"type":"binary-expr","locations":[{"start":{"line":1,"column":394},"end":{"line":1,"column":397}},{"start":{"line":1,"column":401},"end":{"line":1,"column":415}}],"line":1},"6":{"loc":{"start":{"line":17,"column":4},"end":{"line":19,"column":5}},"type":"if","locations":[{"start":{"line":17,"column":4},"end":{"line":19,"column":5}},{"start":{"line":17,"column":4},"end":{"line":19,"column":5}}],"line":17},"7":{"loc":{"start":{"line":27,"column":4},"end":{"line":29,"column":5}},"type":"if","locations":[{"start":{"line":27,"column":4},"end":{"line":29,"column":5}},{"start":{"line":27,"column":4},"end":{"line":29,"column":5}}],"line":27}},"s":{"0":1,"1":1,"2":1,"3":0,"4":0,"5":0,"6":0,"7":0,"8":0,"9":0,"10":2,"11":1,"12":1,"13":1,"14":1,"15":1,"16":1,"17":3,"18":3,"19":0,"20":3,"21":3,"22":3,"23":3,"24":0,"25":3,"26":3,"27":1,"28":1,"29":1},"f":{"0":1,"1":2,"2":3,"3":1},"b":{"0":[1,0],"1":[1,1],"2":[0,0],"3":[0,0],"4":[2,0],"5":[2,2],"6":[0,3],"7":[0,3]},"inputSourceMap":null,"_coverageSchema":"1a1c01bbd47fc00a2c39e90264f33305004495a9","hash":"28281f50966e344f4abb4b4e8d2212a5b2fab96b"}
,"/home/lucas/Documents/Be The Hero/backend/src/controllers/SessionController.js": {"path":"/home/lucas/Documents/Be The Hero/backend/src/controllers/SessionController.js","statementMap":{"0":{"start":{"line":1,"column":13},"end":{"line":1,"column":73}},"1":{"start":{"line":1,"column":114},"end":{"line":1,"column":345}},"2":{"start":{"line":1,"column":143},"end":{"line":1,"column":154}},"3":{"start":{"line":1,"column":177},"end":{"line":1,"column":179}},"4":{"start":{"line":1,"column":181},"end":{"line":1,"column":306}},"5":{"start":{"line":1,"column":200},"end":{"line":1,"column":304}},"6":{"start":{"line":1,"column":223},"end":{"line":1,"column":302}},"7":{"start":{"line":1,"column":277},"end":{"line":1,"column":300}},"8":{"start":{"line":1,"column":307},"end":{"line":1,"column":328}},"9":{"start":{"line":1,"column":329},"end":{"line":1,"column":343}},"10":{"start":{"line":1,"column":387},"end":{"line":1,"column":441}},"11":{"start":{"line":1,"column":454},"end":{"line":1,"column":468}},"12":{"start":{"line":1,"column":480},"end":{"line":1,"column":509}},"13":{"start":{"line":3,"column":13},"end":{"line":3,"column":41}},"14":{"start":{"line":3,"column":57},"end":{"line":3,"column":87}},"15":{"start":{"line":8,"column":19},"end":{"line":10,"column":6}},"16":{"start":{"line":12,"column":4},"end":{"line":14,"column":5}},"17":{"start":{"line":13,"column":6},"end":{"line":13,"column":65}},"18":{"start":{"line":16,"column":19},"end":{"line":16,"column":27}},"19":{"start":{"line":18,"column":16},"end":{"line":18,"column":102}},"20":{"start":{"line":20,"column":4},"end":{"line":22,"column":5}},"21":{"start":{"line":21,"column":6},"end":{"line":21,"column":74}},"22":{"start":{"line":24,"column":4},"end":{"line":24,"column":29}},"23":{"start":{"line":28,"column":0},"end":{"line":28,"column":43}}},"fnMap":{"0":{"name":"_interopRequireWildcard","decl":{"start":{"line":1,"column":83},"end":{"line":1,"column":106}},"loc":{"start":{"line":1,"column":112},"end":{"line":1,"column":347}},"line":1},"1":{"name":"_interopRequireDefault","decl":{"start":{"line":1,"column":357},"end":{"line":1,"column":379}},"loc":{"start":{"line":1,"column":385},"end":{"line":1,"column":443}},"line":1},"2":{"name":"(anonymous_2)","decl":{"start":{"line":6,"column":2},"end":{"line":6,"column":3}},"loc":{"start":{"line":6,"column":24},"end":{"line":25,"column":3}},"line":6}},"branchMap":{"0":{"loc":{"start":{"line":1,"column":114},"end":{"line":1,"column":345}},"type":"if","locations":[{"start":{"line":1,"column":114},"end":{"line":1,"column":345}},{"start":{"line":1,"column":114},"end":{"line":1,"column":345}}],"line":1},"1":{"loc":{"start":{"line":1,"column":118},"end":{"line":1,"column":139}},"type":"binary-expr","locations":[{"start":{"line":1,"column":118},"end":{"line":1,"column":121}},{"start":{"line":1,"column":125},"end":{"line":1,"column":139}}],"line":1},"2":{"loc":{"start":{"line":1,"column":181},"end":{"line":1,"column":306}},"type":"if","locations":[{"start":{"line":1,"column":181},"end":{"line":1,"column":306}},{"start":{"line":1,"column":181},"end":{"line":1,"column":306}}],"line":1},"3":{"loc":{"start":{"line":1,"column":223},"end":{"line":1,"column":302}},"type":"if","locations":[{"start":{"line":1,"column":223},"end":{"line":1,"column":302}},{"start":{"line":1,"column":223},"end":{"line":1,"column":302}}],"line":1},"4":{"loc":{"start":{"line":1,"column":394},"end":{"line":1,"column":440}},"type":"cond-expr","locations":[{"start":{"line":1,"column":418},"end":{"line":1,"column":421}},{"start":{"line":1,"column":424},"end":{"line":1,"column":440}}],"line":1},"5":{"loc":{"start":{"line":1,"column":394},"end":{"line":1,"column":415}},"type":"binary-expr","locations":[{"start":{"line":1,"column":394},"end":{"line":1,"column":397}},{"start":{"line":1,"column":401},"end":{"line":1,"column":415}}],"line":1},"6":{"loc":{"start":{"line":12,"column":4},"end":{"line":14,"column":5}},"type":"if","locations":[{"start":{"line":12,"column":4},"end":{"line":14,"column":5}},{"start":{"line":12,"column":4},"end":{"line":14,"column":5}}],"line":12},"7":{"loc":{"start":{"line":20,"column":4},"end":{"line":22,"column":5}},"type":"if","locations":[{"start":{"line":20,"column":4},"end":{"line":22,"column":5}},{"start":{"line":20,"column":4},"end":{"line":22,"column":5}}],"line":20}},"s":{"0":1,"1":1,"2":1,"3":0,"4":0,"5":0,"6":0,"7":0,"8":0,"9":0,"10":1,"11":1,"12":1,"13":1,"14":1,"15":0,"16":0,"17":0,"18":0,"19":0,"20":0,"21":0,"22":0,"23":1},"f":{"0":1,"1":1,"2":0},"b":{"0":[1,0],"1":[1,1],"2":[0,0],"3":[0,0],"4":[1,0],"5":[1,1],"6":[0,0],"7":[0,0]},"inputSourceMap":null,"_coverageSchema":"1a1c01bbd47fc00a2c39e90264f33305004495a9","hash":"2a1319b66844088805056e1884a30a2d6448677c"}
,"/home/lucas/Documents/Be The Hero/backend/src/database/index.js": {"path":"/home/lucas/Documents/Be The Hero/backend/src/database/index.js","statementMap":{"0":{"start":{"line":1,"column":13},"end":{"line":1,"column":73}},"1":{"start":{"line":1,"column":113},"end":{"line":1,"column":167}},"2":{"start":{"line":1,"column":181},"end":{"line":1,"column":196}},"3":{"start":{"line":1,"column":211},"end":{"line":1,"column":240}},"4":{"start":{"line":3,"column":16},"end":{"line":3,"column":41}},"5":{"start":{"line":3,"column":60},"end":{"line":3,"column":93}},"6":{"start":{"line":5,"column":15},"end":{"line":5,"column":105}},"7":{"start":{"line":7,"column":19},"end":{"line":7,"column":54}},"8":{"start":{"line":9,"column":0},"end":{"line":9,"column":30}}},"fnMap":{"0":{"name":"_interopRequireDefault","decl":{"start":{"line":1,"column":83},"end":{"line":1,"column":105}},"loc":{"start":{"line":1,"column":111},"end":{"line":1,"column":169}},"line":1}},"branchMap":{"0":{"loc":{"start":{"line":1,"column":120},"end":{"line":1,"column":166}},"type":"cond-expr","locations":[{"start":{"line":1,"column":144},"end":{"line":1,"column":147}},{"start":{"line":1,"column":150},"end":{"line":1,"column":166}}],"line":1},"1":{"loc":{"start":{"line":1,"column":120},"end":{"line":1,"column":141}},"type":"binary-expr","locations":[{"start":{"line":1,"column":120},"end":{"line":1,"column":123}},{"start":{"line":1,"column":127},"end":{"line":1,"column":141}}],"line":1},"2":{"loc":{"start":{"line":5,"column":15},"end":{"line":5,"column":105}},"type":"cond-expr","locations":[{"start":{"line":5,"column":49},"end":{"line":5,"column":72}},{"start":{"line":5,"column":75},"end":{"line":5,"column":105}}],"line":5}},"s":{"0":1,"1":2,"2":1,"3":1,"4":1,"5":1,"6":1,"7":1,"8":1},"f":{"0":2},"b":{"0":[0,2],"1":[2,2],"2":[1,0]},"inputSourceMap":null,"_coverageSchema":"1a1c01bbd47fc00a2c39e90264f33305004495a9","hash":"67a171783217446965a6ba32dc30984da2ae6101"}
,"/home/lucas/Documents/Be The Hero/backend/src/database/migrations/20200324120121_create_ongs.js": {"path":"/home/lucas/Documents/Be The Hero/backend/src/database/migrations/20200324120121_create_ongs.js","statementMap":{"0":{"start":{"line":1,"column":13},"end":{"line":10,"column":2}},"1":{"start":{"line":2,"column":2},"end":{"line":9,"column":5}},"2":{"start":{"line":3,"column":4},"end":{"line":3,"column":33}},"3":{"start":{"line":4,"column":4},"end":{"line":4,"column":39}},"4":{"start":{"line":5,"column":4},"end":{"line":5,"column":40}},"5":{"start":{"line":6,"column":4},"end":{"line":6,"column":43}},"6":{"start":{"line":7,"column":4},"end":{"line":7,"column":39}},"7":{"start":{"line":8,"column":4},"end":{"line":8,"column":40}},"8":{"start":{"line":12,"column":0},"end":{"line":14,"column":2}},"9":{"start":{"line":13,"column":2},"end":{"line":13,"column":39}}},"fnMap":{"0":{"name":"(anonymous_0)","decl":{"start":{"line":1,"column":26},"end":{"line":1,"column":27}},"loc":{"start":{"line":1,"column":41},"end":{"line":10,"column":1}},"line":1},"1":{"name":"(anonymous_1)","decl":{"start":{"line":2,"column":41},"end":{"line":2,"column":42}},"loc":{"start":{"line":2,"column":58},"end":{"line":9,"column":3}},"line":2},"2":{"name":"(anonymous_2)","decl":{"start":{"line":12,"column":15},"end":{"line":12,"column":16}},"loc":{"start":{"line":12,"column":30},"end":{"line":14,"column":1}},"line":12}},"branchMap":{},"s":{"0":1,"1":2,"2":2,"3":2,"4":2,"5":2,"6":2,"7":2,"8":1,"9":2},"f":{"0":2,"1":2,"2":2},"b":{},"inputSourceMap":null,"_coverageSchema":"1a1c01bbd47fc00a2c39e90264f33305004495a9","hash":"69a995297dc693bc46a02a77e7fc87df8ce3736a"}
,"/home/lucas/Documents/Be The Hero/backend/src/database/migrations/20200324122047_create_incidents.js": {"path":"/home/lucas/Documents/Be The Hero/backend/src/database/migrations/20200324122047_create_incidents.js","statementMap":{"0":{"start":{"line":1,"column":13},"end":{"line":10,"column":2}},"1":{"start":{"line":2,"column":2},"end":{"line":9,"column":5}},"2":{"start":{"line":3,"column":4},"end":{"line":3,"column":23}},"3":{"start":{"line":4,"column":4},"end":{"line":4,"column":40}},"4":{"start":{"line":5,"column":4},"end":{"line":5,"column":46}},"5":{"start":{"line":6,"column":4},"end":{"line":6,"column":41}},"6":{"start":{"line":7,"column":4},"end":{"line":7,"column":41}},"7":{"start":{"line":8,"column":4},"end":{"line":8,"column":61}},"8":{"start":{"line":12,"column":0},"end":{"line":14,"column":2}},"9":{"start":{"line":13,"column":2},"end":{"line":13,"column":44}}},"fnMap":{"0":{"name":"(anonymous_0)","decl":{"start":{"line":1,"column":26},"end":{"line":1,"column":27}},"loc":{"start":{"line":1,"column":41},"end":{"line":10,"column":1}},"line":1},"1":{"name":"(anonymous_1)","decl":{"start":{"line":2,"column":46},"end":{"line":2,"column":47}},"loc":{"start":{"line":2,"column":63},"end":{"line":9,"column":3}},"line":2},"2":{"name":"(anonymous_2)","decl":{"start":{"line":12,"column":15},"end":{"line":12,"column":16}},"loc":{"start":{"line":12,"column":30},"end":{"line":14,"column":1}},"line":12}},"branchMap":{},"s":{"0":1,"1":2,"2":2,"3":2,"4":2,"5":2,"6":2,"7":2,"8":1,"9":2},"f":{"0":2,"1":2,"2":2},"b":{},"inputSourceMap":null,"_coverageSchema":"1a1c01bbd47fc00a2c39e90264f33305004495a9","hash":"278557888cd4564c084c669cfa60e54fbbfbb43a"}
,"/home/lucas/Documents/Be The Hero/backend/src/utils/generateUniqueId.js": {"path":"/home/lucas/Documents/Be The Hero/backend/src/utils/generateUniqueId.js","statementMap":{"0":{"start":{"line":1,"column":13},"end":{"line":1,"column":73}},"1":{"start":{"line":1,"column":113},"end":{"line":1,"column":167}},"2":{"start":{"line":1,"column":183},"end":{"line":1,"column":200}},"3":{"start":{"line":1,"column":217},"end":{"line":1,"column":248}},"4":{"start":{"line":4,"column":2},"end":{"line":4,"column":57}},"5":{"start":{"line":5,"column":2},"end":{"line":5,"column":37}}},"fnMap":{"0":{"name":"_interopRequireDefault","decl":{"start":{"line":1,"column":83},"end":{"line":1,"column":105}},"loc":{"start":{"line":1,"column":111},"end":{"line":1,"column":169}},"line":1},"1":{"name":"generateUniqueId","decl":{"start":{"line":3,"column":10},"end":{"line":3,"column":26}},"loc":{"start":{"line":3,"column":29},"end":{"line":5,"column":1}},"line":3}},"branchMap":{"0":{"loc":{"start":{"line":1,"column":120},"end":{"line":1,"column":166}},"type":"cond-expr","locations":[{"start":{"line":1,"column":144},"end":{"line":1,"column":147}},{"start":{"line":1,"column":150},"end":{"line":1,"column":166}}],"line":1},"1":{"loc":{"start":{"line":1,"column":120},"end":{"line":1,"column":141}},"type":"binary-expr","locations":[{"start":{"line":1,"column":120},"end":{"line":1,"column":123}},{"start":{"line":1,"column":127},"end":{"line":1,"column":141}}],"line":1}},"s":{"0":2,"1":2,"2":2,"3":2,"4":4,"5":2},"f":{"0":2,"1":4},"b":{"0":[0,2],"1":[2,2]},"inputSourceMap":null,"_coverageSchema":"1a1c01bbd47fc00a2c39e90264f33305004495a9","hash":"53d3e34b0657b6a3e4188741047143385e1b4bbc"}
}
