TN:
SF:knexfile.js
FNF:0
FNH:0
DA:3,1
LF:1
LH:1
BRF:0
BRH:0
end_of_record
TN:
SF:src/app.js
FN:1,_interopRequireDefault
FNF:1
FNH:1
FNDA:3,_interopRequireDefault
DA:1,3
DA:2,1
DA:4,1
DA:6,1
DA:8,1
DA:9,1
DA:10,1
DA:12,1
LF:8
LH:8
BRDA:1,0,0,1
BRDA:1,0,1,2
BRDA:1,1,0,3
BRDA:1,1,1,3
BRF:4
BRH:4
end_of_record
TN:
SF:src/routes.js
FN:1,_interopRequireDefault
FNF:1
FNH:1
FNDA:3,_interopRequireDefault
DA:1,3
DA:3,1
DA:4,1
DA:5,1
DA:7,1
DA:9,1
DA:11,1
DA:12,1
DA:14,1
DA:15,1
DA:16,1
DA:17,1
DA:19,1
LF:13
LH:13
BRDA:1,0,0,3
BRDA:1,0,1,0
BRDA:1,1,0,3
BRDA:1,1,1,3
BRF:4
BRH:3
end_of_record
TN:
SF:src/controllers/IncidentController.js
FN:1,_interopRequireWildcard
FN:1,_interopRequireDefault
FN:6,(anonymous_2)
FN:42,(anonymous_3)
FN:65,(anonymous_4)
FN:77,(anonymous_5)
FNF:6
FNH:2
FNDA:1,_interopRequireWildcard
FNDA:1,_interopRequireDefault
FNDA:0,(anonymous_2)
FNDA:0,(anonymous_3)
FNDA:0,(anonymous_4)
FNDA:0,(anonymous_5)
DA:1,1
DA:3,1
DA:8,0
DA:14,0
DA:15,0
DA:18,0
DA:19,0
DA:21,0
DA:22,0
DA:25,0
DA:27,0
DA:28,0
DA:31,0
DA:38,0
DA:43,0
DA:45,0
DA:47,0
DA:60,0
DA:62,0
DA:66,0
DA:68,0
DA:69,0
DA:72,0
DA:74,0
DA:78,0
DA:79,0
DA:81,0
DA:83,0
DA:84,0
DA:87,0
DA:89,0
DA:93,1
LF:32
LH:3
BRDA:1,0,0,1
BRDA:1,0,1,0
BRDA:1,1,0,1
BRDA:1,1,1,1
BRDA:1,2,0,0
BRDA:1,2,1,0
BRDA:1,3,0,0
BRDA:1,3,1,0
BRDA:1,4,0,1
BRDA:1,4,1,0
BRDA:1,5,0,1
BRDA:1,5,1,1
BRDA:14,6,0,0
BRDA:14,6,1,0
BRDA:21,7,0,0
BRDA:21,7,1,0
BRDA:27,8,0,0
BRDA:27,8,1,0
BRDA:43,9,0,0
BRDA:68,10,0,0
BRDA:68,10,1,0
BRDA:83,11,0,0
BRDA:83,11,1,0
BRF:23
BRH:6
end_of_record
TN:
SF:src/controllers/OngController.js
FN:1,_interopRequireWildcard
FN:1,_interopRequireDefault
FN:7,(anonymous_2)
FN:43,(anonymous_3)
FNF:4
FNH:4
FNDA:1,_interopRequireWildcard
FNDA:2,_interopRequireDefault
FNDA:3,(anonymous_2)
FNDA:1,(anonymous_3)
DA:1,2
DA:2,1
DA:4,1
DA:9,3
DA:17,3
DA:18,0
DA:21,3
DA:23,3
DA:25,3
DA:27,3
DA:28,0
DA:31,3
DA:40,3
DA:44,1
DA:45,1
DA:49,1
LF:16
LH:14
BRDA:1,0,0,1
BRDA:1,0,1,0
BRDA:1,1,0,1
BRDA:1,1,1,1
BRDA:1,2,0,0
BRDA:1,2,1,0
BRDA:1,3,0,0
BRDA:1,3,1,0
BRDA:1,4,0,2
BRDA:1,4,1,0
BRDA:1,5,0,2
BRDA:1,5,1,2
BRDA:17,6,0,0
BRDA:17,6,1,3
BRDA:27,7,0,0
BRDA:27,7,1,3
BRF:16
BRH:8
end_of_record
TN:
SF:src/controllers/SessionController.js
FN:1,_interopRequireWildcard
FN:1,_interopRequireDefault
FN:6,(anonymous_2)
FNF:3
FNH:2
FNDA:1,_interopRequireWildcard
FNDA:1,_interopRequireDefault
FNDA:0,(anonymous_2)
DA:1,1
DA:3,1
DA:8,0
DA:12,0
DA:13,0
DA:16,0
DA:18,0
DA:20,0
DA:21,0
DA:24,0
DA:28,1
LF:11
LH:3
BRDA:1,0,0,1
BRDA:1,0,1,0
BRDA:1,1,0,1
BRDA:1,1,1,1
BRDA:1,2,0,0
BRDA:1,2,1,0
BRDA:1,3,0,0
BRDA:1,3,1,0
BRDA:1,4,0,1
BRDA:1,4,1,0
BRDA:1,5,0,1
BRDA:1,5,1,1
BRDA:12,6,0,0
BRDA:12,6,1,0
BRDA:20,7,0,0
BRDA:20,7,1,0
BRF:16
BRH:6
end_of_record
TN:
SF:src/database/index.js
FN:1,_interopRequireDefault
FNF:1
FNH:1
FNDA:2,_interopRequireDefault
DA:1,2
DA:3,1
DA:5,1
DA:7,1
DA:9,1
LF:5
LH:5
BRDA:1,0,0,0
BRDA:1,0,1,2
BRDA:1,1,0,2
BRDA:1,1,1,2
BRDA:5,2,0,1
BRDA:5,2,1,0
BRF:6
BRH:4
end_of_record
TN:
SF:src/database/migrations/20200324120121_create_ongs.js
FN:1,(anonymous_0)
FN:2,(anonymous_1)
FN:12,(anonymous_2)
FNF:3
FNH:3
FNDA:2,(anonymous_0)
FNDA:2,(anonymous_1)
FNDA:2,(anonymous_2)
DA:1,1
DA:2,2
DA:3,2
DA:4,2
DA:5,2
DA:6,2
DA:7,2
DA:8,2
DA:12,1
DA:13,2
LF:10
LH:10
BRF:0
BRH:0
end_of_record
TN:
SF:src/database/migrations/20200324122047_create_incidents.js
FN:1,(anonymous_0)
FN:2,(anonymous_1)
FN:12,(anonymous_2)
FNF:3
FNH:3
FNDA:2,(anonymous_0)
FNDA:2,(anonymous_1)
FNDA:2,(anonymous_2)
DA:1,1
DA:2,2
DA:3,2
DA:4,2
DA:5,2
DA:6,2
DA:7,2
DA:8,2
DA:12,1
DA:13,2
LF:10
LH:10
BRF:0
BRH:0
end_of_record
TN:
SF:src/utils/generateUniqueId.js
FN:1,_interopRequireDefault
FN:3,generateUniqueId
FNF:2
FNH:2
FNDA:2,_interopRequireDefault
FNDA:4,generateUniqueId
DA:1,2
DA:4,4
DA:5,2
LF:3
LH:3
BRDA:1,0,0,0
BRDA:1,0,1,2
BRDA:1,1,0,2
BRDA:1,1,1,2
BRF:4
BRH:3
end_of_record
